{"total": {"lines":{"total":176,"covered":25,"skipped":0,"pct":14.2},"statements":{"total":177,"covered":25,"skipped":0,"pct":14.12},"functions":{"total":24,"covered":6,"skipped":0,"pct":25},"branches":{"total":60,"covered":6,"skipped":0,"pct":10},"branchesTrue":{"total":0,"covered":0,"skipped":0,"pct":"Unknown"}}
,"C:\\school\\2.2\\DEVOPS\\devops demo\\Devops\\public\\js\\Read-student.js": {"lines":{"total":28,"covered":24,"skipped":0,"pct":85.71},"functions":{"total":8,"covered":6,"skipped":0,"pct":75},"statements":{"total":29,"covered":24,"skipped":0,"pct":82.75},"branches":{"total":12,"covered":6,"skipped":0,"pct":50}}
,"C:\\school\\2.2\\DEVOPS\\devops demo\\Devops\\public\\js\\add-student.js": {"lines":{"total":64,"covered":0,"skipped":0,"pct":0},"functions":{"total":6,"covered":0,"skipped":0,"pct":0},"statements":{"total":64,"covered":0,"skipped":0,"pct":0},"branches":{"total":22,"covered":0,"skipped":0,"pct":0}}
,"C:\\school\\2.2\\DEVOPS\\devops demo\\Devops\\public\\js\\delete-student.js": {"lines":{"total":11,"covered":0,"skipped":0,"pct":0},"functions":{"total":3,"covered":0,"skipped":0,"pct":0},"statements":{"total":11,"covered":0,"skipped":0,"pct":0},"branches":{"total":4,"covered":0,"skipped":0,"pct":0}}
,"C:\\school\\2.2\\DEVOPS\\devops demo\\Devops\\public\\js\\update-student.js": {"lines":{"total":73,"covered":1,"skipped":0,"pct":1.36},"functions":{"total":7,"covered":0,"skipped":0,"pct":0},"statements":{"total":73,"covered":1,"skipped":0,"pct":1.36},"branches":{"total":22,"covered":0,"skipped":0,"pct":0}}
}
