TN:
SF:public\js\Read-student.js
FN:3,fetchAndDisplayStudents
FN:7,(anonymous_1)
FN:20,(anonymous_2)
FN:27,filterStudents
FN:33,(anonymous_4)
FN:41,(anonymous_5)
FN:48,displayStudents
FN:51,(anonymous_7)
FNF:8
FNH:6
FNDA:3,fetchAndDisplayStudents
FNDA:3,(anonymous_1)
FNDA:0,(anonymous_2)
FNDA:3,filterStudents
FNDA:24,(anonymous_4)
FNDA:0,(anonymous_5)
FNDA:3,displayStudents
FNDA:24,(anonymous_7)
DA:1,3
DA:4,3
DA:5,3
DA:7,3
DA:8,3
DA:9,3
DA:10,3
DA:11,3
DA:13,0
DA:16,0
DA:20,3
DA:21,0
DA:24,3
DA:28,3
DA:29,3
DA:30,3
DA:33,3
DA:34,24
DA:35,24
DA:36,24
DA:40,3
DA:41,0
DA:44,3
DA:49,3
DA:51,3
DA:52,24
DA:54,24
DA:70,3
LF:28
LH:24
BRDA:8,0,0,3
BRDA:8,0,1,0
BRDA:35,1,0,0
BRDA:35,1,1,24
BRDA:36,2,0,24
BRDA:36,2,1,24
BRDA:40,3,0,0
BRDA:40,3,1,3
BRDA:41,4,0,0
BRDA:41,4,1,0
BRDA:52,5,0,24
BRDA:52,5,1,0
BRF:12
BRH:6
end_of_record
TN:
SF:public\js\add-student.js
FN:1,addStudent
FN:36,(anonymous_1)
FN:42,(anonymous_2)
FN:64,previewImage
FN:76,(anonymous_4)
FN:78,(anonymous_5)
FNF:6
FNH:0
FNDA:0,addStudent
FNDA:0,(anonymous_1)
FNDA:0,(anonymous_2)
FNDA:0,previewImage
FNDA:0,(anonymous_4)
FNDA:0,(anonymous_5)
DA:2,0
DA:3,0
DA:9,0
DA:11,0
DA:12,0
DA:13,0
DA:14,0
DA:17,0
DA:18,0
DA:19,0
DA:20,0
DA:23,0
DA:24,0
DA:25,0
DA:26,0
DA:29,0
DA:30,0
DA:31,0
DA:32,0
DA:35,0
DA:36,0
DA:37,0
DA:39,0
DA:40,0
DA:41,0
DA:42,0
DA:43,0
DA:44,0
DA:45,0
DA:46,0
DA:47,0
DA:48,0
DA:49,0
DA:50,0
DA:51,0
DA:52,0
DA:53,0
DA:55,0
DA:56,0
DA:59,0
DA:61,0
DA:65,0
DA:66,0
DA:68,0
DA:70,0
DA:71,0
DA:72,0
DA:73,0
DA:75,0
DA:76,0
DA:77,0
DA:78,0
DA:79,0
DA:80,0
DA:81,0
DA:82,0
DA:84,0
DA:85,0
DA:88,0
DA:90,0
DA:93,0
LF:61
LH:0
BRDA:11,0,0,0
BRDA:11,0,1,0
BRDA:11,1,0,0
BRDA:11,1,1,0
BRDA:11,1,2,0
BRDA:11,1,3,0
BRDA:17,2,0,0
BRDA:17,2,1,0
BRDA:23,3,0,0
BRDA:23,3,1,0
BRDA:29,4,0,0
BRDA:29,4,1,0
BRDA:45,5,0,0
BRDA:45,5,1,0
BRDA:68,6,0,0
BRDA:68,6,1,0
BRDA:70,7,0,0
BRDA:70,7,1,0
BRDA:79,8,0,0
BRDA:79,8,1,0
BRF:20
BRH:0
end_of_record
TN:
SF:public\js\delete-student.js
FN:2,deleteStudent
FN:7,(anonymous_1)
FN:16,(anonymous_2)
FNF:3
FNH:0
FNDA:0,deleteStudent
FNDA:0,(anonymous_1)
FNDA:0,(anonymous_2)
DA:3,0
DA:4,0
DA:5,0
DA:7,0
DA:8,0
DA:9,0
DA:10,0
DA:12,0
DA:16,0
DA:17,0
DA:20,0
LF:11
LH:0
BRDA:3,0,0,0
BRDA:3,0,1,0
BRDA:8,1,0,0
BRDA:8,1,1,0
BRF:4
BRH:0
end_of_record
TN:
SF:public\js\update-student.js
FN:3,updateStudent
FN:49,(anonymous_1)
FN:51,(anonymous_2)
FN:72,sendUpdateRequest
FN:76,(anonymous_4)
FN:109,openEditModal
FN:132,previewEditImage
FNF:7
FNH:0
FNDA:0,updateStudent
FNDA:0,(anonymous_1)
FNDA:0,(anonymous_2)
FNDA:0,sendUpdateRequest
FNDA:0,(anonymous_4)
FNDA:0,openEditModal
FNDA:0,previewEditImage
DA:1,3
DA:4,0
DA:7,0
DA:15,0
DA:18,0
DA:19,0
DA:20,0
DA:21,0
DA:25,0
DA:26,0
DA:27,0
DA:28,0
DA:32,0
DA:33,0
DA:34,0
DA:35,0
DA:39,0
DA:41,0
DA:42,0
DA:43,0
DA:44,0
DA:48,0
DA:49,0
DA:50,0
DA:51,0
DA:52,0
DA:53,0
DA:54,0
DA:55,0
DA:59,0
DA:60,0
DA:62,0
DA:64,0
DA:67,0
DA:68,0
DA:73,0
DA:74,0
DA:76,0
DA:77,0
DA:80,0
DA:82,0
DA:84,0
DA:85,0
DA:88,0
DA:89,0
DA:90,0
DA:91,0
DA:94,0
DA:95,0
DA:96,0
DA:99,0
DA:100,0
DA:105,0
DA:106,0
DA:111,0
DA:112,0
DA:113,0
DA:114,0
DA:117,0
DA:118,0
DA:119,0
DA:122,0
DA:123,0
DA:124,0
DA:125,0
DA:128,0
DA:129,0
DA:134,0
DA:137,0
DA:138,0
DA:139,0
DA:140,0
DA:142,0
LF:73
LH:1
BRDA:18,0,0,0
BRDA:18,0,1,0
BRDA:18,1,0,0
BRDA:18,1,1,0
BRDA:18,1,2,0
BRDA:18,1,3,0
BRDA:25,2,0,0
BRDA:25,2,1,0
BRDA:32,3,0,0
BRDA:32,3,1,0
BRDA:39,4,0,0
BRDA:39,4,1,0
BRDA:41,5,0,0
BRDA:41,5,1,0
BRDA:52,6,0,0
BRDA:52,6,1,0
BRDA:67,7,0,0
BRDA:67,7,1,0
BRDA:82,8,0,0
BRDA:82,8,1,0
BRDA:138,9,0,0
BRDA:138,9,1,0
BRF:22
BRH:0
end_of_record
